Using pre-set license
Built from '2021.3/staging' branch; Version is '2021.3.24f1 (cf10dcf7010d) revision 13570268'; Using compiler version '192829333'; Build Type 'Release'
OS: 'Windows 10  (10.0.19045) 64bit CoreSingleLanguage' Language: 'ru' Physical Memory: 16196 MB
BatchMode: 1, IsHumanControllingUs: 0, StartBugReporterOnCrash: 0, Is64bit: 1, IsPro: 1

COMMAND LINE ARGUMENTS:
E:\unity2\2021.3.24f1\Editor\Unity.exe
-adb2
-batchMode
-noUpm
-name
AssetImportWorker0
-projectPath
C:/Users/Антон/Documents/GitHub/zxcKucherskii/LABA
-logFile
Logs/AssetImportWorker0.log
-srvPort
65429
Successfully changed project path to: C:/Users/Антон/Documents/GitHub/zxcKucherskii/LABA
C:/Users/Антон/Documents/GitHub/zxcKucherskii/LABA
[UnityMemory] Configuration Parameters - Can be set up in boot.config
    "memorysetup-bucket-allocator-granularity=16"
    "memorysetup-bucket-allocator-bucket-count=8"
    "memorysetup-bucket-allocator-block-size=33554432"
    "memorysetup-bucket-allocator-block-count=8"
    "memorysetup-main-allocator-block-size=16777216"
    "memorysetup-thread-allocator-block-size=16777216"
    "memorysetup-gfx-main-allocator-block-size=16777216"
    "memorysetup-gfx-thread-allocator-block-size=16777216"
    "memorysetup-cache-allocator-block-size=4194304"
    "memorysetup-typetree-allocator-block-size=2097152"
    "memorysetup-profiler-bucket-allocator-granularity=16"
    "memorysetup-profiler-bucket-allocator-bucket-count=8"
    "memorysetup-profiler-bucket-allocator-block-size=33554432"
    "memorysetup-profiler-bucket-allocator-block-count=8"
    "memorysetup-profiler-allocator-block-size=16777216"
    "memorysetup-profiler-editor-allocator-block-size=1048576"
    "memorysetup-temp-allocator-size-main=16777216"
    "memorysetup-job-temp-allocator-block-size=2097152"
    "memorysetup-job-temp-allocator-block-size-background=1048576"
    "memorysetup-job-temp-allocator-reduction-small-platforms=262144"
    "memorysetup-temp-allocator-size-background-worker=32768"
    "memorysetup-temp-allocator-size-job-worker=262144"
    "memorysetup-temp-allocator-size-preload-manager=33554432"
    "memorysetup-temp-allocator-size-nav-mesh-worker=65536"
    "memorysetup-temp-allocator-size-audio-worker=65536"
    "memorysetup-temp-allocator-size-cloud-worker=32768"
    "memorysetup-temp-allocator-size-gi-baking-worker=262144"
    "memorysetup-temp-allocator-size-gfx=262144"
Player connection [16460] Host "[IP] 192.168.1.68 [Port] 0 [Flags] 2 [Guid] 2746749132 [EditorId] 2746749132 [Version] 1048832 [Id] WindowsEditor(7,DESKTOP-HAPCJEF) [Debug] 1 [PackageName] WindowsEditor [ProjectName] Editor" joined multi-casting on [225.0.0.222:54997]...

Player connection [16460] Host "[IP] 192.168.1.68 [Port] 0 [Flags] 2 [Guid] 2746749132 [EditorId] 2746749132 [Version] 1048832 [Id] WindowsEditor(7,DESKTOP-HAPCJEF) [Debug] 1 [PackageName] WindowsEditor [ProjectName] Editor" joined alternative multi-casting on [225.0.0.222:34997]...

Refreshing native plugins compatible for Editor in 74.43 ms, found 3 plugins.
Preloading 0 native plugins for Editor in 0.00 ms.
Initialize engine version: 2021.3.24f1 (cf10dcf7010d)
[Subsystems] Discovering subsystems at path E:/unity2/2021.3.24f1/Editor/Data/Resources/UnitySubsystems
[Subsystems] Discovering subsystems at path C:/Users/Антон/Documents/GitHub/zxcKucherskii/LABA/Assets
GfxDevice: creating device client; threaded=0; jobified=0
Direct3D:
    Version:  Direct3D 11.0 [level 11.1]
    Renderer: NVIDIA GeForce GTX 1660 Ti (ID=0x2191)
    Vendor:   NVIDIA
    VRAM:     5979 MB
    Driver:   31.0.15.2737
Initialize mono
Mono path[0] = 'E:/unity2/2021.3.24f1/Editor/Data/Managed'
Mono path[1] = 'E:/unity2/2021.3.24f1/Editor/Data/MonoBleedingEdge/lib/mono/unityjit-win32'
Mono config path = 'E:/unity2/2021.3.24f1/Editor/Data/MonoBleedingEdge/etc'
Using monoOptions --debugger-agent=transport=dt_socket,embedding=1,server=y,suspend=n,address=127.0.0.1:56868
Begin MonoManager ReloadAssembly
Registering precompiled unity dll's ...
Register platform support module: E:/unity2/2021.3.24f1/Editor/Data/PlaybackEngines/WebGLSupport/UnityEditor.WebGL.Extensions.dll
Register platform support module: E:/unity2/2021.3.24f1/Editor/Data/PlaybackEngines/WindowsStandaloneSupport/UnityEditor.WindowsStandalone.Extensions.dll
Registered in 0.003337 seconds.
Native extension for WindowsStandalone target not found
Native extension for WebGL target not found
Refreshing native plugins compatible for Editor in 73.00 ms, found 3 plugins.
Preloading 0 native plugins for Editor in 0.00 ms.
Mono: successfully reloaded assembly
- Completed reload, in  0.616 seconds
Domain Reload Profiling:
	ReloadAssembly (617ms)
		BeginReloadAssembly (81ms)
			ExecutionOrderSort (0ms)
			DisableScriptedObjects (0ms)
			BackupInstance (0ms)
			ReleaseScriptingObjects (0ms)
			CreateAndSetChildDomain (1ms)
		EndReloadAssembly (442ms)
			LoadAssemblies (81ms)
			RebuildTransferFunctionScriptingTraits (0ms)
			SetupTypeCache (108ms)
			ReleaseScriptCaches (0ms)
			RebuildScriptCaches (28ms)
			SetupLoadedEditorAssemblies (256ms)
				LogAssemblyErrors (0ms)
				InitializePlatformSupportModulesInManaged (7ms)
				SetLoadedEditorAssemblies (0ms)
				RefreshPlugins (73ms)
				BeforeProcessingInitializeOnLoad (1ms)
				ProcessInitializeOnLoadAttributes (128ms)
				ProcessInitializeOnLoadMethodAttributes (46ms)
				AfterProcessingInitializeOnLoad (0ms)
				EditorAssembliesLoaded (0ms)
			ExecutionOrderSort2 (0ms)
			AwakeInstancesAfterBackupRestoration (0ms)
Platform modules already initialized, skipping
Registering precompiled user dll's ...
Registered in 0.006366 seconds.
Begin MonoManager ReloadAssembly
Symbol file LoadedFromMemory doesn't match image C:\Users\Антон\Documents\GitHub\zxcKucherskii\LABA\Library\PackageCache\com.unity.visualscripting@1.8.0\Editor\VisualScripting.Core\Dependencies\YamlDotNet\Unity.VisualScripting.YamlDotNet.dll
Symbol file LoadedFromMemory doesn't match image C:\Users\Антон\Documents\GitHub\zxcKucherskii\LABA\Library\PackageCache\com.unity.visualscripting@1.8.0\Editor\VisualScripting.Core\Dependencies\DotNetZip\Unity.VisualScripting.IonicZip.dll
Native extension for WindowsStandalone target not found
Native extension for WebGL target not found
Refreshing native plugins compatible for Editor in 0.59 ms, found 3 plugins.
Preloading 0 native plugins for Editor in 0.00 ms.
Mono: successfully reloaded assembly
- Completed reload, in  1.006 seconds
Domain Reload Profiling:
	ReloadAssembly (1007ms)
		BeginReloadAssembly (117ms)
			ExecutionOrderSort (0ms)
			DisableScriptedObjects (6ms)
			BackupInstance (0ms)
			ReleaseScriptingObjects (0ms)
			CreateAndSetChildDomain (19ms)
		EndReloadAssembly (788ms)
			LoadAssemblies (85ms)
			RebuildTransferFunctionScriptingTraits (0ms)
			SetupTypeCache (268ms)
			ReleaseScriptCaches (1ms)
			RebuildScriptCaches (55ms)
			SetupLoadedEditorAssemblies (347ms)
				LogAssemblyErrors (0ms)
				InitializePlatformSupportModulesInManaged (8ms)
				SetLoadedEditorAssemblies (1ms)
				RefreshPlugins (1ms)
				BeforeProcessingInitializeOnLoad (83ms)
				ProcessInitializeOnLoadAttributes (229ms)
				ProcessInitializeOnLoadMethodAttributes (23ms)
				AfterProcessingInitializeOnLoad (3ms)
				EditorAssembliesLoaded (0ms)
			ExecutionOrderSort2 (0ms)
			AwakeInstancesAfterBackupRestoration (6ms)
Platform modules already initialized, skipping
========================================================================
Worker process is ready to serve import requests
Launched and connected shader compiler UnityShaderCompiler.exe after 0.04 seconds
Refreshing native plugins compatible for Editor in 0.90 ms, found 3 plugins.
Preloading 0 native plugins for Editor in 0.00 ms.
Unloading 3048 Unused Serialized files (Serialized files now loaded: 0)
Unloading 24 unused Assets / (114.0 KB). Loaded Objects now: 3525.
Memory consumption went from 119.8 MB to 119.7 MB.
Total: 5.026700 ms (FindLiveObjects: 0.351800 ms CreateObjectMapping: 0.248300 ms MarkObjects: 4.243700 ms  DeleteObjects: 0.181700 ms)

AssetImportParameters requested are different than current active one (requested -> active):
  custom:video-decoder-ogg-theora: a1e56fd34408186e4bbccfd4996cb3dc -> 
  custom:container-muxer-webm: aa71ff27fc2769a1b78a27578f13a17b -> 
  custom:container-demuxer-webm: 4f35f7cbe854078d1ac9338744f61a02 -> 
  custom:video-encoder-webm-vp8: eb34c28f22e8b96e1ab97ce403110664 -> 
  custom:audio-encoder-webm-vorbis: bf7c407c2cedff20999df2af8eb42d56 -> 
  custom:framework-win-MediaFoundation: 216162199b28c13a410421893ffa2e32 -> 
  custom:container-demuxer-ogg: 62fdf1f143b41e24485cea50d1cbac27 -> 
  custom:video-decoder-webm-vp8: 9c59270c3fd7afecdb556c50c9e8de78 -> 
  custom:audio-decoder-ogg-vorbis: bf7c407c2cedff20999df2af8eb42d56 -> 
========================================================================
Received Import Request.
  Time since last request: 649309.261725 seconds.
  path: Assets/New Material 4.mat
  artifactKey: Guid(017e2ea679b124d4aa8e321fb718a979) Importer(815301076,1909f56bfc062723c751e8b465ee728b)
Start importing Assets/New Material 4.mat using Guid(017e2ea679b124d4aa8e321fb718a979) Importer(815301076,1909f56bfc062723c751e8b465ee728b)  -> (artifact id: '5d5435c574c0beed10f530d58e814614') in 0.164583 seconds 
========================================================================
Received Import Request.
  Time since last request: 392.102831 seconds.
  path: Assets/New Material 5.mat
  artifactKey: Guid(48e1c26082d08f94b8b9f36394e586df) Importer(815301076,1909f56bfc062723c751e8b465ee728b)
Start importing Assets/New Material 5.mat using Guid(48e1c26082d08f94b8b9f36394e586df) Importer(815301076,1909f56bfc062723c751e8b465ee728b)  -> (artifact id: 'a1ee7a296bdd407a914a937b249a016b') in 0.015225 seconds 
========================================================================
Received Import Request.
  Time since last request: 330.700493 seconds.
  path: Assets/Main.cs
  artifactKey: Guid(eadbc1439c7f266409a0d565e139f450) Importer(815301076,1909f56bfc062723c751e8b465ee728b)
Start importing Assets/Main.cs using Guid(eadbc1439c7f266409a0d565e139f450) Importer(815301076,1909f56bfc062723c751e8b465ee728b)  -> (artifact id: 'bc9b7ab47d957d2e311d74153d3e1ca9') in 0.016900 seconds 
========================================================================
Received Prepare
Registering precompiled user dll's ...
Registered in 0.008514 seconds.
Begin MonoManager ReloadAssembly
Symbol file LoadedFromMemory doesn't match image C:\Users\Антон\Documents\GitHub\zxcKucherskii\LABA\Library\PackageCache\com.unity.visualscripting@1.8.0\Editor\VisualScripting.Core\Dependencies\YamlDotNet\Unity.VisualScripting.YamlDotNet.dll
Symbol file LoadedFromMemory doesn't match image C:\Users\Антон\Documents\GitHub\zxcKucherskii\LABA\Library\PackageCache\com.unity.visualscripting@1.8.0\Editor\VisualScripting.Core\Dependencies\DotNetZip\Unity.VisualScripting.IonicZip.dll
Native extension for WindowsStandalone target not found
Native extension for WebGL target not found
Refreshing native plugins compatible for Editor in 1.26 ms, found 3 plugins.
Preloading 0 native plugins for Editor in 0.00 ms.
Mono: successfully reloaded assembly
- Completed reload, in  1.083 seconds
Domain Reload Profiling:
	ReloadAssembly (1084ms)
		BeginReloadAssembly (152ms)
			ExecutionOrderSort (0ms)
			DisableScriptedObjects (5ms)
			BackupInstance (0ms)
			ReleaseScriptingObjects (0ms)
			CreateAndSetChildDomain (37ms)
		EndReloadAssembly (814ms)
			LoadAssemblies (109ms)
			RebuildTransferFunctionScriptingTraits (0ms)
			SetupTypeCache (328ms)
			ReleaseScriptCaches (1ms)
			RebuildScriptCaches (44ms)
			SetupLoadedEditorAssemblies (301ms)
				LogAssemblyErrors (0ms)
				InitializePlatformSupportModulesInManaged (7ms)
				SetLoadedEditorAssemblies (1ms)
				RefreshPlugins (1ms)
				BeforeProcessingInitializeOnLoad (65ms)
				ProcessInitializeOnLoadAttributes (205ms)
				ProcessInitializeOnLoadMethodAttributes (19ms)
				AfterProcessingInitializeOnLoad (3ms)
				EditorAssembliesLoaded (0ms)
			ExecutionOrderSort2 (0ms)
			AwakeInstancesAfterBackupRestoration (7ms)
Platform modules already initialized, skipping
Refreshing native plugins compatible for Editor in 3.69 ms, found 3 plugins.
Preloading 0 native plugins for Editor in 0.00 ms.
Unloading 3044 Unused Serialized files (Serialized files now loaded: 0)
Unloading 17 unused Assets / (80.9 KB). Loaded Objects now: 3570.
Memory consumption went from 124.3 MB to 124.2 MB.
Total: 5.504700 ms (FindLiveObjects: 0.360200 ms CreateObjectMapping: 0.270900 ms MarkObjects: 4.715200 ms  DeleteObjects: 0.156900 ms)

AssetImportParameters requested are different than current active one (requested -> active):
  custom:video-decoder-ogg-theora: a1e56fd34408186e4bbccfd4996cb3dc -> 
  custom:container-muxer-webm: aa71ff27fc2769a1b78a27578f13a17b -> 
  custom:container-demuxer-webm: 4f35f7cbe854078d1ac9338744f61a02 -> 
  custom:video-encoder-webm-vp8: eb34c28f22e8b96e1ab97ce403110664 -> 
  custom:audio-encoder-webm-vorbis: bf7c407c2cedff20999df2af8eb42d56 -> 
  custom:framework-win-MediaFoundation: 216162199b28c13a410421893ffa2e32 -> 
  custom:container-demuxer-ogg: 62fdf1f143b41e24485cea50d1cbac27 -> 
  custom:video-decoder-webm-vp8: 9c59270c3fd7afecdb556c50c9e8de78 -> 
  custom:audio-decoder-ogg-vorbis: bf7c407c2cedff20999df2af8eb42d56 -> 
========================================================================
Received Import Request.
  Time since last request: 370.491390 seconds.
  path: Assets/tank vkr 1.0 v15 Variant.prefab
  artifactKey: Guid(5ec5da6f0f3a32d4799065a15c5e4f1e) Importer(815301076,1909f56bfc062723c751e8b465ee728b)
Start importing Assets/tank vkr 1.0 v15 Variant.prefab using Guid(5ec5da6f0f3a32d4799065a15c5e4f1e) Importer(815301076,1909f56bfc062723c751e8b465ee728b)  -> (artifact id: 'e7e3b9243e9b0f2ae172a1e732683152') in 0.103620 seconds 
========================================================================
Received Import Request.
  Time since last request: 8.545440 seconds.
  path: Assets/tank vkr 1.0 v15 Variant.prefab
  artifactKey: Guid(5ec5da6f0f3a32d4799065a15c5e4f1e) Importer(815301076,1909f56bfc062723c751e8b465ee728b)
Start importing Assets/tank vkr 1.0 v15 Variant.prefab using Guid(5ec5da6f0f3a32d4799065a15c5e4f1e) Importer(815301076,1909f56bfc062723c751e8b465ee728b)  -> (artifact id: '3fbde2b62db0ec5523171c241e215e3d') in 0.028284 seconds 
========================================================================
Received Import Request.
  Time since last request: 1.123494 seconds.
  path: Assets/tank vkr 1.0 v15 Variant.prefab
  artifactKey: Guid(5ec5da6f0f3a32d4799065a15c5e4f1e) Importer(815301076,1909f56bfc062723c751e8b465ee728b)
Start importing Assets/tank vkr 1.0 v15 Variant.prefab using Guid(5ec5da6f0f3a32d4799065a15c5e4f1e) Importer(815301076,1909f56bfc062723c751e8b465ee728b)  -> (artifact id: 'ebe3947d021029ecf53b573fe97b7bbc') in 0.042204 seconds 
========================================================================
Received Import Request.
  Time since last request: 11.669563 seconds.
  path: Assets/tank vkr 1.0 v15 Variant.prefab
  artifactKey: Guid(5ec5da6f0f3a32d4799065a15c5e4f1e) Importer(815301076,1909f56bfc062723c751e8b465ee728b)
Start importing Assets/tank vkr 1.0 v15 Variant.prefab using Guid(5ec5da6f0f3a32d4799065a15c5e4f1e) Importer(815301076,1909f56bfc062723c751e8b465ee728b)  -> (artifact id: '8f62030fb0653ebef16b7c20e1b301ef') in 0.022469 seconds 
========================================================================
Received Import Request.
  Time since last request: 8.464507 seconds.
  path: Assets/tank vkr 1.0 v15 Variant.prefab
  artifactKey: Guid(5ec5da6f0f3a32d4799065a15c5e4f1e) Importer(815301076,1909f56bfc062723c751e8b465ee728b)
Start importing Assets/tank vkr 1.0 v15 Variant.prefab using Guid(5ec5da6f0f3a32d4799065a15c5e4f1e) Importer(815301076,1909f56bfc062723c751e8b465ee728b)  -> (artifact id: 'cf477b45dba668a5b79ee450c7b863d1') in 0.020501 seconds 
========================================================================
Received Import Request.
  Time since last request: 2.594143 seconds.
  path: Assets/tank vkr 1.0 v15 Variant.prefab
  artifactKey: Guid(5ec5da6f0f3a32d4799065a15c5e4f1e) Importer(815301076,1909f56bfc062723c751e8b465ee728b)
Start importing Assets/tank vkr 1.0 v15 Variant.prefab using Guid(5ec5da6f0f3a32d4799065a15c5e4f1e) Importer(815301076,1909f56bfc062723c751e8b465ee728b)  -> (artifact id: '552173eda782e699b1b6667ab88702c4') in 0.020711 seconds 
========================================================================
Received Import Request.
  Time since last request: 45.725038 seconds.
  path: Assets/tank vkr 1.0 v15 Variant.prefab
  artifactKey: Guid(5ec5da6f0f3a32d4799065a15c5e4f1e) Importer(815301076,1909f56bfc062723c751e8b465ee728b)
Start importing Assets/tank vkr 1.0 v15 Variant.prefab using Guid(5ec5da6f0f3a32d4799065a15c5e4f1e) Importer(815301076,1909f56bfc062723c751e8b465ee728b)  -> (artifact id: '2f04a5353749cece4c047ddc6d7d60e9') in 0.020659 seconds 
========================================================================
Received Import Request.
  Time since last request: 3.388596 seconds.
  path: Assets/tank vkr 1.0 v15 Variant.prefab
  artifactKey: Guid(5ec5da6f0f3a32d4799065a15c5e4f1e) Importer(815301076,1909f56bfc062723c751e8b465ee728b)
Start importing Assets/tank vkr 1.0 v15 Variant.prefab using Guid(5ec5da6f0f3a32d4799065a15c5e4f1e) Importer(815301076,1909f56bfc062723c751e8b465ee728b)  -> (artifact id: '3699340460262093d2e9fd267d15c00e') in 0.032711 seconds 
========================================================================
Received Import Request.
  Time since last request: 50.161029 seconds.
  path: Assets/tank vkr 1.0 v15 Variant.prefab
  artifactKey: Guid(5ec5da6f0f3a32d4799065a15c5e4f1e) Importer(815301076,1909f56bfc062723c751e8b465ee728b)
Start importing Assets/tank vkr 1.0 v15 Variant.prefab using Guid(5ec5da6f0f3a32d4799065a15c5e4f1e) Importer(815301076,1909f56bfc062723c751e8b465ee728b)  -> (artifact id: '686d9e0a72ce8836af888d7e94a6a7b9') in 0.023067 seconds 
========================================================================
Received Import Request.
  Time since last request: 5.429355 seconds.
  path: Assets/tank vkr 1.0 v15 Variant.prefab
  artifactKey: Guid(5ec5da6f0f3a32d4799065a15c5e4f1e) Importer(815301076,1909f56bfc062723c751e8b465ee728b)
Start importing Assets/tank vkr 1.0 v15 Variant.prefab using Guid(5ec5da6f0f3a32d4799065a15c5e4f1e) Importer(815301076,1909f56bfc062723c751e8b465ee728b)  -> (artifact id: 'e629d1091a26bce4bb27a28e523a0016') in 0.019791 seconds 
========================================================================
Received Import Request.
  Time since last request: 30.599353 seconds.
  path: Assets/tank vkr 1.0 v15 Variant.prefab
  artifactKey: Guid(5ec5da6f0f3a32d4799065a15c5e4f1e) Importer(815301076,1909f56bfc062723c751e8b465ee728b)
Start importing Assets/tank vkr 1.0 v15 Variant.prefab using Guid(5ec5da6f0f3a32d4799065a15c5e4f1e) Importer(815301076,1909f56bfc062723c751e8b465ee728b)  -> (artifact id: 'a70f9a03d6186671180c0f368ec29411') in 0.024749 seconds 
========================================================================
Received Import Request.
  Time since last request: 0.778959 seconds.
  path: Assets/tank vkr 1.0 v15 Variant.prefab
  artifactKey: Guid(5ec5da6f0f3a32d4799065a15c5e4f1e) Importer(815301076,1909f56bfc062723c751e8b465ee728b)
Start importing Assets/tank vkr 1.0 v15 Variant.prefab using Guid(5ec5da6f0f3a32d4799065a15c5e4f1e) Importer(815301076,1909f56bfc062723c751e8b465ee728b)  -> (artifact id: 'fb1e7fd6589a6361241384ac70a1c222') in 0.021057 seconds 
========================================================================
Received Import Request.
  Time since last request: 14.689882 seconds.
  path: Assets/tank vkr 1.0 v15 Variant.prefab
  artifactKey: Guid(5ec5da6f0f3a32d4799065a15c5e4f1e) Importer(815301076,1909f56bfc062723c751e8b465ee728b)
Start importing Assets/tank vkr 1.0 v15 Variant.prefab using Guid(5ec5da6f0f3a32d4799065a15c5e4f1e) Importer(815301076,1909f56bfc062723c751e8b465ee728b)  -> (artifact id: 'd4443cd2a74dc482c7a4942fd53de3d8') in 0.024281 seconds 
